{
"src/app/app.component.ts":{"path":"src/app/app.component.ts","statementMap":{"1":{"start":{"line":4,"column":0},"end":{"line":4,"column":70}},"2":{"start":{"line":18,"column":25},"end":{"line":18,"column":0}},"3":{"start":{"line":19,"column":9},"end":{"line":21,"column":3}},"4":{"start":{"line":20,"column":4},"end":{"line":20,"column":37}},"5":{"start":{"line":23,"column":0},"end":{"line":23,"column":1}},"6":{"start":{"line":18,"column":13},"end":{"line":23,"column":1}},"7":{"start":{"line":18,"column":13},"end":{"line":18,"column":25}}},"fnMap":{"1":{"name":"(anonymous_0)","line":18,"loc":{"start":{"line":18,"column":25},"end":{"line":18,"column":0}}},"2":{"name":"AppComponent","line":18,"loc":{"start":{"line":18,"column":0},"end":{"line":23,"column":1}}},"3":{"name":"(anonymous_2)","line":19,"loc":{"start":{"line":19,"column":2},"end":{"line":21,"column":3}}}},"branchMap":{},"s":{"1":1,"2":1,"3":1,"4":3,"5":1,"6":1,"7":1},"b":{},"f":{"1":1,"2":2,"3":3},"l":{"4":1,"18":1,"19":1,"20":3,"23":1}},
"src/app/app.service.ts":{"path":"src/app/app.service.ts","statementMap":{"1":{"start":{"line":1,"column":0},"end":{"line":1,"column":42}},"2":{"start":{"line":8,"column":21},"end":{"line":8,"column":0}},"3":{"start":{"line":10,"column":9},"end":{"line":10,"column":41}},"4":{"start":{"line":13,"column":2},"end":{"line":15,"column":3}},"5":{"start":{"line":14,"column":4},"end":{"line":14,"column":50}},"6":{"start":{"line":18,"column":4},"end":{"line":18,"column":59}},"7":{"start":{"line":21,"column":9},"end":{"line":25,"column":3}},"8":{"start":{"line":23,"column":18},"end":{"line":23,"column":28}},"9":{"start":{"line":24,"column":4},"end":{"line":24,"column":60}},"10":{"start":{"line":27,"column":9},"end":{"line":30,"column":3}},"11":{"start":{"line":29,"column":4},"end":{"line":29,"column":37}},"12":{"start":{"line":32,"column":10},"end":{"line":35,"column":3}},"13":{"start":{"line":34,"column":4},"end":{"line":34,"column":48}},"14":{"start":{"line":36,"column":0},"end":{"line":36,"column":1}},"15":{"start":{"line":8,"column":13},"end":{"line":36,"column":1}},"16":{"start":{"line":8,"column":13},"end":{"line":8,"column":21}}},"fnMap":{"1":{"name":"(anonymous_0)","line":8,"loc":{"start":{"line":8,"column":21},"end":{"line":8,"column":0}}},"2":{"name":"AppState","line":7,"loc":{"start":{"line":7,"column":0},"end":{"line":36,"column":1}}},"3":{"name":"(anonymous_2)","line":13,"loc":{"start":{"line":13,"column":2},"end":{"line":15,"column":3}}},"4":{"name":"(anonymous_3)","line":17,"loc":{"start":{"line":17,"column":24},"end":{"line":19,"column":3}}},"5":{"name":"(anonymous_4)","line":21,"loc":{"start":{"line":21,"column":23},"end":{"line":25,"column":3}}},"6":{"name":"(anonymous_5)","line":27,"loc":{"start":{"line":27,"column":37},"end":{"line":30,"column":3}}},"7":{"name":"(anonymous_6)","line":32,"loc":{"start":{"line":32,"column":42},"end":{"line":35,"column":3}}}},"branchMap":{"1":{"line":24,"type":"cond-expr","locations":[{"start":{"line":24,"column":40},"end":{"line":24,"column":51}},{"start":{"line":24,"column":54},"end":{"line":24,"column":59}}]}},"s":{"1":1,"2":1,"3":0,"4":1,"5":0,"6":0,"7":1,"8":0,"9":0,"10":1,"11":0,"12":1,"13":0,"14":1,"15":1,"16":1},"b":{"1":[0,0]},"f":{"1":1,"2":0,"3":0,"4":0,"5":0,"6":0,"7":0},"l":{"1":1,"8":1,"10":0,"13":1,"14":0,"18":0,"21":1,"23":0,"24":0,"27":1,"29":0,"32":1,"34":0,"36":1}},
"src/app/services/index.ts":{"path":"src/app/services/index.ts","statementMap":{"1":{"start":{"line":1,"column":0},"end":{"line":1,"column":82}},"2":{"start":{"line":1,"column":9},"end":{"line":1,"column":30}}},"fnMap":{},"branchMap":{},"s":{"1":1,"2":1},"b":{},"f":{},"l":{"1":1}},
"src/app/services/attack-patterns/attack-patterns.service.ts":{"path":"src/app/services/attack-patterns/attack-patterns.service.ts","statementMap":{"1":{"start":{"line":1,"column":0},"end":{"line":1,"column":45}},"2":{"start":{"line":2,"column":0},"end":{"line":2,"column":45}},"3":{"start":{"line":3,"column":0},"end":{"line":3,"column":48}},"4":{"start":{"line":4,"column":0},"end":{"line":4,"column":31}},"5":{"start":{"line":9,"column":34},"end":{"line":9,"column":0}},"6":{"start":{"line":13,"column":22},"end":{"line":13,"column":32}},"7":{"start":{"line":10,"column":10},"end":{"line":10,"column":70}},"8":{"start":{"line":11,"column":10},"end":{"line":11,"column":50}},"9":{"start":{"line":15,"column":9},"end":{"line":23,"column":3}},"10":{"start":{"line":17,"column":4},"end":{"line":22,"column":41}},"11":{"start":{"line":20,"column":19},"end":{"line":20,"column":66}},"12":{"start":{"line":25,"column":9},"end":{"line":33,"column":3}},"13":{"start":{"line":26,"column":19},"end":{"line":26,"column":48}},"14":{"start":{"line":27,"column":4},"end":{"line":32,"column":33}},"15":{"start":{"line":30,"column":12},"end":{"line":30,"column":57}},"16":{"start":{"line":35,"column":9},"end":{"line":43,"column":3}},"17":{"start":{"line":36,"column":19},"end":{"line":36,"column":48}},"18":{"start":{"line":37,"column":4},"end":{"line":42,"column":33}},"19":{"start":{"line":40,"column":12},"end":{"line":40,"column":57}},"20":{"start":{"line":45,"column":9},"end":{"line":53,"column":3}},"21":{"start":{"line":46,"column":17},"end":{"line":46,"column":34}},"22":{"start":{"line":47,"column":4},"end":{"line":52,"column":33}},"23":{"start":{"line":50,"column":12},"end":{"line":50,"column":57}},"24":{"start":{"line":55,"column":9},"end":{"line":63,"column":3}},"25":{"start":{"line":56,"column":19},"end":{"line":56,"column":62}},"26":{"start":{"line":57,"column":4},"end":{"line":62,"column":33}},"27":{"start":{"line":60,"column":12},"end":{"line":60,"column":57}},"28":{"start":{"line":65,"column":10},"end":{"line":68,"column":3}},"29":{"start":{"line":66,"column":4},"end":{"line":66,"column":46}},"30":{"start":{"line":67,"column":4},"end":{"line":67,"column":52}},"31":{"start":{"line":69,"column":0},"end":{"line":69,"column":1}},"32":{"start":{"line":9,"column":13},"end":{"line":69,"column":1}},"33":{"start":{"line":9,"column":13},"end":{"line":9,"column":34}}},"fnMap":{"1":{"name":"(anonymous_0)","line":9,"loc":{"start":{"line":9,"column":34},"end":{"line":9,"column":0}}},"2":{"name":"AttackPatternsService","line":13,"loc":{"start":{"line":13,"column":32},"end":{"line":13,"column":37}}},"3":{"name":"(anonymous_2)","line":15,"loc":{"start":{"line":15,"column":2},"end":{"line":23,"column":3}}},"4":{"name":"(anonymous_3)","line":19,"loc":{"start":{"line":19,"column":29},"end":{"line":21,"column":17}}},"5":{"name":"(anonymous_4)","line":25,"loc":{"start":{"line":25,"column":36},"end":{"line":33,"column":3}}},"6":{"name":"(anonymous_5)","line":29,"loc":{"start":{"line":29,"column":22},"end":{"line":31,"column":9}}},"7":{"name":"(anonymous_6)","line":35,"loc":{"start":{"line":35,"column":26},"end":{"line":43,"column":3}}},"8":{"name":"(anonymous_7)","line":39,"loc":{"start":{"line":39,"column":22},"end":{"line":41,"column":9}}},"9":{"name":"(anonymous_8)","line":45,"loc":{"start":{"line":45,"column":28},"end":{"line":53,"column":3}}},"10":{"name":"(anonymous_9)","line":49,"loc":{"start":{"line":49,"column":22},"end":{"line":51,"column":9}}},"11":{"name":"(anonymous_10)","line":55,"loc":{"start":{"line":55,"column":44},"end":{"line":63,"column":3}}},"12":{"name":"(anonymous_11)","line":59,"loc":{"start":{"line":59,"column":22},"end":{"line":61,"column":9}}},"13":{"name":"(anonymous_12)","line":65,"loc":{"start":{"line":65,"column":32},"end":{"line":68,"column":3}}}},"branchMap":{"1":{"line":67,"type":"binary-expr","locations":[{"start":{"line":67,"column":28},"end":{"line":67,"column":41}},{"start":{"line":67,"column":45},"end":{"line":67,"column":50}}]}},"s":{"1":1,"2":1,"3":1,"4":1,"5":1,"6":0,"7":0,"8":0,"9":1,"10":0,"11":0,"12":1,"13":0,"14":0,"15":0,"16":1,"17":0,"18":0,"19":0,"20":1,"21":0,"22":0,"23":0,"24":1,"25":0,"26":0,"27":0,"28":1,"29":0,"30":0,"31":1,"32":1,"33":1},"b":{"1":[0,0]},"f":{"1":1,"2":0,"3":0,"4":0,"5":0,"6":0,"7":0,"8":0,"9":0,"10":0,"11":0,"12":0,"13":0},"l":{"1":1,"2":1,"3":1,"4":1,"9":1,"10":0,"11":0,"13":0,"15":1,"17":0,"20":0,"25":1,"26":0,"27":0,"30":0,"35":1,"36":0,"37":0,"40":0,"45":1,"46":0,"47":0,"50":0,"55":1,"56":0,"57":0,"60":0,"65":1,"66":0,"67":0,"69":1}},
"src/app/components/stix-objects/attack-patterns/attack-patterns.component.ts":{"path":"src/app/components/stix-objects/attack-patterns/attack-patterns.component.ts","statementMap":{"1":{"start":{"line":1,"column":0},"end":{"line":1,"column":68}},"2":{"start":{"line":3,"column":0},"end":{"line":3,"column":57}},"3":{"start":{"line":11,"column":36},"end":{"line":11,"column":0}},"4":{"start":{"line":16,"column":24},"end":{"line":16,"column":68}},"5":{"start":{"line":17,"column":8},"end":{"line":17,"column":55}},"6":{"start":{"line":20,"column":11},"end":{"line":22,"column":5}},"7":{"start":{"line":21,"column":7},"end":{"line":21,"column":33}},"8":{"start":{"line":24,"column":11},"end":{"line":26,"column":5}},"9":{"start":{"line":25,"column":8},"end":{"line":25,"column":51}},"10":{"start":{"line":28,"column":11},"end":{"line":40,"column":5}},"11":{"start":{"line":28,"column":4},"end":{"line":40,"column":4}},"12":{"start":{"line":29,"column":27},"end":{"line":39,"column":9}},"13":{"start":{"line":31,"column":16},"end":{"line":31,"column":93}},"14":{"start":{"line":31,"column":72},"end":{"line":31,"column":91}},"15":{"start":{"line":32,"column":16},"end":{"line":32,"column":104}},"16":{"start":{"line":32,"column":68},"end":{"line":32,"column":102}},"17":{"start":{"line":37,"column":16},"end":{"line":37,"column":43}},"18":{"start":{"line":42,"column":11},"end":{"line":44,"column":5}},"19":{"start":{"line":43,"column":8},"end":{"line":43,"column":34}},"20":{"start":{"line":46,"column":12},"end":{"line":59,"column":5}},"21":{"start":{"line":46,"column":4},"end":{"line":59,"column":4}},"22":{"start":{"line":47,"column":28},"end":{"line":58,"column":9}},"23":{"start":{"line":49,"column":16},"end":{"line":49,"column":53}},"24":{"start":{"line":50,"column":16},"end":{"line":50,"column":69}},"25":{"start":{"line":53,"column":17},"end":{"line":53,"column":47}},"26":{"start":{"line":60,"column":0},"end":{"line":60,"column":1}},"27":{"start":{"line":11,"column":13},"end":{"line":60,"column":1}},"28":{"start":{"line":11,"column":13},"end":{"line":11,"column":36}}},"fnMap":{"1":{"name":"(anonymous_0)","line":11,"loc":{"start":{"line":11,"column":36},"end":{"line":11,"column":0}}},"2":{"name":"AttackPatternsComponent","line":16,"loc":{"start":{"line":16,"column":68},"end":{"line":18,"column":5}}},"3":{"name":"(anonymous_2)","line":20,"loc":{"start":{"line":20,"column":4},"end":{"line":22,"column":5}}},"4":{"name":"(anonymous_3)","line":24,"loc":{"start":{"line":24,"column":48},"end":{"line":26,"column":5}}},"5":{"name":"(anonymous_4)","line":28,"loc":{"start":{"line":28,"column":46},"end":{"line":40,"column":5}}},"6":{"name":"(anonymous_5)","line":30,"loc":{"start":{"line":30,"column":12},"end":{"line":33,"column":13}}},"7":{"name":"(anonymous_6)","line":31,"loc":{"start":{"line":31,"column":67},"end":{"line":31,"column":91}}},"8":{"name":"(anonymous_7)","line":33,"loc":{"start":{"line":33,"column":21},"end":{"line":35,"column":13}}},"9":{"name":"(anonymous_8)","line":35,"loc":{"start":{"line":35,"column":15},"end":{"line":38,"column":13}}},"10":{"name":"(anonymous_9)","line":42,"loc":{"start":{"line":42,"column":4},"end":{"line":44,"column":5}}},"11":{"name":"(anonymous_10)","line":46,"loc":{"start":{"line":46,"column":4},"end":{"line":59,"column":5}}},"12":{"name":"(anonymous_11)","line":48,"loc":{"start":{"line":48,"column":27},"end":{"line":51,"column":13}}},"13":{"name":"(anonymous_12)","line":51,"loc":{"start":{"line":51,"column":21},"end":{"line":54,"column":13}}},"14":{"name":"(anonymous_13)","line":54,"loc":{"start":{"line":54,"column":15},"end":{"line":57,"column":13}}}},"branchMap":{"1":{"line":32,"type":"if","locations":[{"start":{"line":32,"column":16},"end":{"line":32,"column":104}},{"start":{"line":32,"column":16},"end":{"line":32,"column":104}}]}},"s":{"1":1,"2":1,"3":1,"4":2,"5":2,"6":1,"7":1,"8":1,"9":0,"10":1,"11":0,"12":0,"13":0,"14":0,"15":0,"16":0,"17":0,"18":1,"19":0,"20":1,"21":1,"22":1,"23":1,"24":1,"25":0,"26":1,"27":1,"28":1},"b":{"1":[0,0]},"f":{"1":1,"2":2,"3":1,"4":0,"5":0,"6":0,"7":0,"8":0,"9":0,"10":0,"11":1,"12":1,"13":0,"14":1},"l":{"1":1,"3":1,"11":1,"16":2,"17":2,"20":1,"21":1,"24":1,"25":0,"28":1,"29":0,"31":0,"32":0,"37":0,"42":1,"43":0,"46":1,"47":1,"49":1,"50":1,"53":0,"60":1}},
"src/app/models/attack-pattern.ts":{"path":"src/app/models/attack-pattern.ts","statementMap":{"1":{"start":{"line":1,"column":0},"end":{"line":4,"column":0}},"2":{"start":{"line":4,"column":0},"end":{"line":4,"column":1}},"3":{"start":{"line":1,"column":13},"end":{"line":1,"column":26}}},"fnMap":{"1":{"name":"(anonymous_0)","line":1,"loc":{"start":{"line":1,"column":0},"end":{"line":1,"column":-1}}},"2":{"name":"AttackPattern","line":1,"loc":{"start":{"line":1,"column":0},"end":{"line":4,"column":1}}}},"branchMap":{},"s":{"1":1,"2":1,"3":1},"b":{},"f":{"1":1,"2":2},"l":{"1":1,"4":1}},
"src/app/components/stix-objects/campaigns/campaigns.component.ts":{"path":"src/app/components/stix-objects/campaigns/campaigns.component.ts","statementMap":{"1":{"start":{"line":1,"column":0},"end":{"line":1,"column":68}},"2":{"start":{"line":8,"column":31},"end":{"line":8,"column":0}},"3":{"start":{"line":11,"column":8},"end":{"line":11,"column":50}},"4":{"start":{"line":13,"column":11},"end":{"line":15,"column":5}},"5":{"start":{"line":14,"column":8},"end":{"line":14,"column":50}},"6":{"start":{"line":16,"column":0},"end":{"line":16,"column":1}},"7":{"start":{"line":8,"column":13},"end":{"line":16,"column":1}},"8":{"start":{"line":8,"column":13},"end":{"line":8,"column":31}}},"fnMap":{"1":{"name":"(anonymous_0)","line":8,"loc":{"start":{"line":8,"column":31},"end":{"line":8,"column":0}}},"2":{"name":"CampaignsComponent","line":10,"loc":{"start":{"line":10,"column":4},"end":{"line":12,"column":5}}},"3":{"name":"(anonymous_2)","line":13,"loc":{"start":{"line":13,"column":4},"end":{"line":15,"column":5}}}},"branchMap":{},"s":{"1":1,"2":1,"3":1,"4":1,"5":1,"6":1,"7":1,"8":1},"b":{},"f":{"1":1,"2":1,"3":1},"l":{"1":1,"8":1,"11":1,"13":1,"14":1,"16":1}},
"src/app/components/stix-objects/courses-of-action/courses-of-action.component.ts":{"path":"src/app/components/stix-objects/courses-of-action/courses-of-action.component.ts","statementMap":{"1":{"start":{"line":1,"column":0},"end":{"line":1,"column":68}},"2":{"start":{"line":8,"column":37},"end":{"line":8,"column":0}},"3":{"start":{"line":11,"column":8},"end":{"line":11,"column":56}},"4":{"start":{"line":13,"column":11},"end":{"line":15,"column":5}},"5":{"start":{"line":14,"column":8},"end":{"line":14,"column":56}},"6":{"start":{"line":16,"column":0},"end":{"line":16,"column":1}},"7":{"start":{"line":8,"column":13},"end":{"line":16,"column":1}},"8":{"start":{"line":8,"column":13},"end":{"line":8,"column":37}}},"fnMap":{"1":{"name":"(anonymous_0)","line":8,"loc":{"start":{"line":8,"column":37},"end":{"line":8,"column":0}}},"2":{"name":"CoursesOfActionComponent","line":10,"loc":{"start":{"line":10,"column":4},"end":{"line":12,"column":5}}},"3":{"name":"(anonymous_2)","line":13,"loc":{"start":{"line":13,"column":4},"end":{"line":15,"column":5}}}},"branchMap":{},"s":{"1":1,"2":1,"3":1,"4":1,"5":1,"6":1,"7":1,"8":1},"b":{},"f":{"1":1,"2":1,"3":1},"l":{"1":1,"8":1,"11":1,"13":1,"14":1,"16":1}},
"src/app/components/stix-objects/indentities/indentities.component.ts":{"path":"src/app/components/stix-objects/indentities/indentities.component.ts","statementMap":{"1":{"start":{"line":1,"column":0},"end":{"line":1,"column":68}},"2":{"start":{"line":8,"column":33},"end":{"line":8,"column":0}},"3":{"start":{"line":11,"column":8},"end":{"line":11,"column":52}},"4":{"start":{"line":13,"column":11},"end":{"line":15,"column":5}},"5":{"start":{"line":14,"column":8},"end":{"line":14,"column":52}},"6":{"start":{"line":16,"column":0},"end":{"line":16,"column":1}},"7":{"start":{"line":8,"column":13},"end":{"line":16,"column":1}},"8":{"start":{"line":8,"column":13},"end":{"line":8,"column":33}}},"fnMap":{"1":{"name":"(anonymous_0)","line":8,"loc":{"start":{"line":8,"column":33},"end":{"line":8,"column":0}}},"2":{"name":"IndentitiesComponent","line":10,"loc":{"start":{"line":10,"column":4},"end":{"line":12,"column":5}}},"3":{"name":"(anonymous_2)","line":13,"loc":{"start":{"line":13,"column":4},"end":{"line":15,"column":5}}}},"branchMap":{},"s":{"1":1,"2":1,"3":1,"4":1,"5":1,"6":1,"7":1,"8":1},"b":{},"f":{"1":1,"2":1,"3":1},"l":{"1":1,"8":1,"11":1,"13":1,"14":1,"16":1}},
"src/app/components/stix-objects/indicators/indicators.component.ts":{"path":"src/app/components/stix-objects/indicators/indicators.component.ts","statementMap":{"1":{"start":{"line":1,"column":0},"end":{"line":1,"column":68}},"2":{"start":{"line":8,"column":32},"end":{"line":8,"column":0}},"3":{"start":{"line":11,"column":8},"end":{"line":11,"column":51}},"4":{"start":{"line":13,"column":11},"end":{"line":15,"column":5}},"5":{"start":{"line":14,"column":8},"end":{"line":14,"column":51}},"6":{"start":{"line":16,"column":0},"end":{"line":16,"column":1}},"7":{"start":{"line":8,"column":13},"end":{"line":16,"column":1}},"8":{"start":{"line":8,"column":13},"end":{"line":8,"column":32}}},"fnMap":{"1":{"name":"(anonymous_0)","line":8,"loc":{"start":{"line":8,"column":32},"end":{"line":8,"column":0}}},"2":{"name":"IndicatorsComponent","line":10,"loc":{"start":{"line":10,"column":4},"end":{"line":12,"column":5}}},"3":{"name":"(anonymous_2)","line":13,"loc":{"start":{"line":13,"column":4},"end":{"line":15,"column":5}}}},"branchMap":{},"s":{"1":1,"2":1,"3":1,"4":1,"5":1,"6":1,"7":1,"8":1},"b":{},"f":{"1":1,"2":1,"3":1},"l":{"1":1,"8":1,"11":1,"13":1,"14":1,"16":1}},
"src/app/components/stix-objects/intrusion-sets/intrusion-sets.component.ts":{"path":"src/app/components/stix-objects/intrusion-sets/intrusion-sets.component.ts","statementMap":{"1":{"start":{"line":1,"column":0},"end":{"line":1,"column":68}},"2":{"start":{"line":8,"column":35},"end":{"line":8,"column":0}},"3":{"start":{"line":11,"column":8},"end":{"line":11,"column":54}},"4":{"start":{"line":13,"column":11},"end":{"line":15,"column":5}},"5":{"start":{"line":14,"column":8},"end":{"line":14,"column":54}},"6":{"start":{"line":16,"column":0},"end":{"line":16,"column":1}},"7":{"start":{"line":8,"column":13},"end":{"line":16,"column":1}},"8":{"start":{"line":8,"column":13},"end":{"line":8,"column":35}}},"fnMap":{"1":{"name":"(anonymous_0)","line":8,"loc":{"start":{"line":8,"column":35},"end":{"line":8,"column":0}}},"2":{"name":"IntrusionSetsComponent","line":10,"loc":{"start":{"line":10,"column":4},"end":{"line":12,"column":5}}},"3":{"name":"(anonymous_2)","line":13,"loc":{"start":{"line":13,"column":4},"end":{"line":15,"column":5}}}},"branchMap":{},"s":{"1":1,"2":1,"3":1,"4":1,"5":1,"6":1,"7":1,"8":1},"b":{},"f":{"1":1,"2":1,"3":1},"l":{"1":1,"8":1,"11":1,"13":1,"14":1,"16":1}},
"src/app/components/stix-objects/relationships/relationships.component.ts":{"path":"src/app/components/stix-objects/relationships/relationships.component.ts","statementMap":{"1":{"start":{"line":1,"column":0},"end":{"line":1,"column":68}},"2":{"start":{"line":8,"column":35},"end":{"line":8,"column":0}},"3":{"start":{"line":11,"column":8},"end":{"line":11,"column":54}},"4":{"start":{"line":13,"column":11},"end":{"line":15,"column":5}},"5":{"start":{"line":14,"column":8},"end":{"line":14,"column":54}},"6":{"start":{"line":16,"column":0},"end":{"line":16,"column":1}},"7":{"start":{"line":8,"column":13},"end":{"line":16,"column":1}},"8":{"start":{"line":8,"column":13},"end":{"line":8,"column":35}}},"fnMap":{"1":{"name":"(anonymous_0)","line":8,"loc":{"start":{"line":8,"column":35},"end":{"line":8,"column":0}}},"2":{"name":"RelationshipsComponent","line":10,"loc":{"start":{"line":10,"column":4},"end":{"line":12,"column":5}}},"3":{"name":"(anonymous_2)","line":13,"loc":{"start":{"line":13,"column":4},"end":{"line":15,"column":5}}}},"branchMap":{},"s":{"1":1,"2":1,"3":1,"4":1,"5":1,"6":1,"7":1,"8":1},"b":{},"f":{"1":1,"2":1,"3":1},"l":{"1":1,"8":1,"11":1,"13":1,"14":1,"16":1}},
"src/app/components/stix-objects/reports/reports.component.ts":{"path":"src/app/components/stix-objects/reports/reports.component.ts","statementMap":{"1":{"start":{"line":1,"column":0},"end":{"line":1,"column":68}},"2":{"start":{"line":8,"column":29},"end":{"line":8,"column":0}},"3":{"start":{"line":11,"column":8},"end":{"line":11,"column":48}},"4":{"start":{"line":13,"column":11},"end":{"line":15,"column":5}},"5":{"start":{"line":14,"column":8},"end":{"line":14,"column":48}},"6":{"start":{"line":16,"column":0},"end":{"line":16,"column":1}},"7":{"start":{"line":8,"column":13},"end":{"line":16,"column":1}},"8":{"start":{"line":8,"column":13},"end":{"line":8,"column":29}}},"fnMap":{"1":{"name":"(anonymous_0)","line":8,"loc":{"start":{"line":8,"column":29},"end":{"line":8,"column":0}}},"2":{"name":"ReportsComponent","line":10,"loc":{"start":{"line":10,"column":4},"end":{"line":12,"column":5}}},"3":{"name":"(anonymous_2)","line":13,"loc":{"start":{"line":13,"column":4},"end":{"line":15,"column":5}}}},"branchMap":{},"s":{"1":1,"2":1,"3":1,"4":1,"5":1,"6":1,"7":1,"8":1},"b":{},"f":{"1":1,"2":1,"3":1},"l":{"1":1,"8":1,"11":1,"13":1,"14":1,"16":1}},
"src/app/components/stix-objects/sightings/sightings.component.ts":{"path":"src/app/components/stix-objects/sightings/sightings.component.ts","statementMap":{"1":{"start":{"line":1,"column":0},"end":{"line":1,"column":68}},"2":{"start":{"line":8,"column":31},"end":{"line":8,"column":0}},"3":{"start":{"line":11,"column":8},"end":{"line":11,"column":50}},"4":{"start":{"line":13,"column":11},"end":{"line":15,"column":5}},"5":{"start":{"line":14,"column":8},"end":{"line":14,"column":50}},"6":{"start":{"line":16,"column":0},"end":{"line":16,"column":1}},"7":{"start":{"line":8,"column":13},"end":{"line":16,"column":1}},"8":{"start":{"line":8,"column":13},"end":{"line":8,"column":31}}},"fnMap":{"1":{"name":"(anonymous_0)","line":8,"loc":{"start":{"line":8,"column":31},"end":{"line":8,"column":0}}},"2":{"name":"SightingsComponent","line":10,"loc":{"start":{"line":10,"column":4},"end":{"line":12,"column":5}}},"3":{"name":"(anonymous_2)","line":13,"loc":{"start":{"line":13,"column":4},"end":{"line":15,"column":5}}}},"branchMap":{},"s":{"1":1,"2":1,"3":1,"4":1,"5":1,"6":1,"7":1,"8":1},"b":{},"f":{"1":1,"2":1,"3":1},"l":{"1":1,"8":1,"11":1,"13":1,"14":1,"16":1}},
"src/app/components/stix-objects/threat-actors/threat-actors.component.ts":{"path":"src/app/components/stix-objects/threat-actors/threat-actors.component.ts","statementMap":{"1":{"start":{"line":1,"column":0},"end":{"line":1,"column":68}},"2":{"start":{"line":8,"column":34},"end":{"line":8,"column":0}},"3":{"start":{"line":11,"column":8},"end":{"line":11,"column":53}},"4":{"start":{"line":13,"column":11},"end":{"line":15,"column":5}},"5":{"start":{"line":14,"column":8},"end":{"line":14,"column":53}},"6":{"start":{"line":16,"column":0},"end":{"line":16,"column":1}},"7":{"start":{"line":8,"column":13},"end":{"line":16,"column":1}},"8":{"start":{"line":8,"column":13},"end":{"line":8,"column":34}}},"fnMap":{"1":{"name":"(anonymous_0)","line":8,"loc":{"start":{"line":8,"column":34},"end":{"line":8,"column":0}}},"2":{"name":"ThreatActorsComponent","line":10,"loc":{"start":{"line":10,"column":4},"end":{"line":12,"column":5}}},"3":{"name":"(anonymous_2)","line":13,"loc":{"start":{"line":13,"column":4},"end":{"line":15,"column":5}}}},"branchMap":{},"s":{"1":1,"2":1,"3":1,"4":1,"5":1,"6":1,"7":1,"8":1},"b":{},"f":{"1":1,"2":1,"3":1},"l":{"1":1,"8":1,"11":1,"13":1,"14":1,"16":1}}}
