{
"src/app/app.component.ts":{"path":"src/app/app.component.ts","statementMap":{"1":{"start":{"line":4,"column":0},"end":{"line":4,"column":70}},"2":{"start":{"line":18,"column":25},"end":{"line":18,"column":0}},"3":{"start":{"line":19,"column":9},"end":{"line":21,"column":3}},"4":{"start":{"line":20,"column":4},"end":{"line":20,"column":37}},"5":{"start":{"line":23,"column":0},"end":{"line":23,"column":1}},"6":{"start":{"line":18,"column":13},"end":{"line":23,"column":1}},"7":{"start":{"line":18,"column":13},"end":{"line":18,"column":25}}},"fnMap":{"1":{"name":"(anonymous_0)","line":18,"loc":{"start":{"line":18,"column":25},"end":{"line":18,"column":0}}},"2":{"name":"AppComponent","line":18,"loc":{"start":{"line":18,"column":0},"end":{"line":23,"column":1}}},"3":{"name":"(anonymous_2)","line":19,"loc":{"start":{"line":19,"column":2},"end":{"line":21,"column":3}}}},"branchMap":{},"s":{"1":1,"2":1,"3":1,"4":3,"5":1,"6":1,"7":1},"b":{},"f":{"1":1,"2":2,"3":3},"l":{"4":1,"18":1,"19":1,"20":3,"23":1}},
"src/app/app.service.ts":{"path":"src/app/app.service.ts","statementMap":{"1":{"start":{"line":1,"column":0},"end":{"line":1,"column":42}},"2":{"start":{"line":8,"column":21},"end":{"line":8,"column":0}},"3":{"start":{"line":10,"column":9},"end":{"line":10,"column":41}},"4":{"start":{"line":13,"column":2},"end":{"line":15,"column":3}},"5":{"start":{"line":14,"column":4},"end":{"line":14,"column":50}},"6":{"start":{"line":18,"column":4},"end":{"line":18,"column":59}},"7":{"start":{"line":21,"column":9},"end":{"line":25,"column":3}},"8":{"start":{"line":23,"column":18},"end":{"line":23,"column":28}},"9":{"start":{"line":24,"column":4},"end":{"line":24,"column":60}},"10":{"start":{"line":27,"column":9},"end":{"line":30,"column":3}},"11":{"start":{"line":29,"column":4},"end":{"line":29,"column":37}},"12":{"start":{"line":32,"column":10},"end":{"line":35,"column":3}},"13":{"start":{"line":34,"column":4},"end":{"line":34,"column":48}},"14":{"start":{"line":36,"column":0},"end":{"line":36,"column":1}},"15":{"start":{"line":8,"column":13},"end":{"line":36,"column":1}},"16":{"start":{"line":8,"column":13},"end":{"line":8,"column":21}}},"fnMap":{"1":{"name":"(anonymous_0)","line":8,"loc":{"start":{"line":8,"column":21},"end":{"line":8,"column":0}}},"2":{"name":"AppState","line":7,"loc":{"start":{"line":7,"column":0},"end":{"line":36,"column":1}}},"3":{"name":"(anonymous_2)","line":13,"loc":{"start":{"line":13,"column":2},"end":{"line":15,"column":3}}},"4":{"name":"(anonymous_3)","line":17,"loc":{"start":{"line":17,"column":24},"end":{"line":19,"column":3}}},"5":{"name":"(anonymous_4)","line":21,"loc":{"start":{"line":21,"column":23},"end":{"line":25,"column":3}}},"6":{"name":"(anonymous_5)","line":27,"loc":{"start":{"line":27,"column":37},"end":{"line":30,"column":3}}},"7":{"name":"(anonymous_6)","line":32,"loc":{"start":{"line":32,"column":42},"end":{"line":35,"column":3}}}},"branchMap":{"1":{"line":24,"type":"cond-expr","locations":[{"start":{"line":24,"column":40},"end":{"line":24,"column":51}},{"start":{"line":24,"column":54},"end":{"line":24,"column":59}}]}},"s":{"1":1,"2":1,"3":0,"4":1,"5":0,"6":0,"7":1,"8":0,"9":0,"10":1,"11":0,"12":1,"13":0,"14":1,"15":1,"16":1},"b":{"1":[0,0]},"f":{"1":1,"2":0,"3":0,"4":0,"5":0,"6":0,"7":0},"l":{"1":1,"8":1,"10":0,"13":1,"14":0,"18":0,"21":1,"23":0,"24":0,"27":1,"29":0,"32":1,"34":0,"36":1}},
"src/app/components/stix-objects/attack-patterns/attack-patterns.component.ts":{"path":"src/app/components/stix-objects/attack-patterns/attack-patterns.component.ts","statementMap":{"1":{"start":{"line":1,"column":0},"end":{"line":1,"column":68}},"2":{"start":{"line":8,"column":36},"end":{"line":8,"column":0}},"3":{"start":{"line":11,"column":8},"end":{"line":11,"column":55}},"4":{"start":{"line":13,"column":11},"end":{"line":15,"column":5}},"5":{"start":{"line":14,"column":8},"end":{"line":14,"column":55}},"6":{"start":{"line":17,"column":11},"end":{"line":19,"column":5}},"7":{"start":{"line":18,"column":8},"end":{"line":18,"column":34}},"8":{"start":{"line":20,"column":0},"end":{"line":20,"column":1}},"9":{"start":{"line":8,"column":13},"end":{"line":20,"column":1}},"10":{"start":{"line":8,"column":13},"end":{"line":8,"column":36}}},"fnMap":{"1":{"name":"(anonymous_0)","line":8,"loc":{"start":{"line":8,"column":36},"end":{"line":8,"column":0}}},"2":{"name":"AttackPatternsComponent","line":10,"loc":{"start":{"line":10,"column":4},"end":{"line":12,"column":5}}},"3":{"name":"(anonymous_2)","line":13,"loc":{"start":{"line":13,"column":4},"end":{"line":15,"column":5}}},"4":{"name":"(anonymous_3)","line":17,"loc":{"start":{"line":17,"column":4},"end":{"line":19,"column":5}}}},"branchMap":{},"s":{"1":1,"2":1,"3":1,"4":1,"5":1,"6":1,"7":0,"8":1,"9":1,"10":1},"b":{},"f":{"1":1,"2":1,"3":1,"4":0},"l":{"1":1,"8":1,"11":1,"13":1,"14":1,"17":1,"18":0,"20":1}},
"src/app/components/stix-objects/campaigns/campaigns.component.ts":{"path":"src/app/components/stix-objects/campaigns/campaigns.component.ts","statementMap":{"1":{"start":{"line":1,"column":0},"end":{"line":1,"column":68}},"2":{"start":{"line":8,"column":31},"end":{"line":8,"column":0}},"3":{"start":{"line":11,"column":8},"end":{"line":11,"column":50}},"4":{"start":{"line":13,"column":11},"end":{"line":15,"column":5}},"5":{"start":{"line":14,"column":8},"end":{"line":14,"column":50}},"6":{"start":{"line":16,"column":0},"end":{"line":16,"column":1}},"7":{"start":{"line":8,"column":13},"end":{"line":16,"column":1}},"8":{"start":{"line":8,"column":13},"end":{"line":8,"column":31}}},"fnMap":{"1":{"name":"(anonymous_0)","line":8,"loc":{"start":{"line":8,"column":31},"end":{"line":8,"column":0}}},"2":{"name":"CampaignsComponent","line":10,"loc":{"start":{"line":10,"column":4},"end":{"line":12,"column":5}}},"3":{"name":"(anonymous_2)","line":13,"loc":{"start":{"line":13,"column":4},"end":{"line":15,"column":5}}}},"branchMap":{},"s":{"1":1,"2":1,"3":1,"4":1,"5":1,"6":1,"7":1,"8":1},"b":{},"f":{"1":1,"2":1,"3":1},"l":{"1":1,"8":1,"11":1,"13":1,"14":1,"16":1}},
"src/app/components/stix-objects/courses-of-action/courses-of-action.component.ts":{"path":"src/app/components/stix-objects/courses-of-action/courses-of-action.component.ts","statementMap":{"1":{"start":{"line":1,"column":0},"end":{"line":1,"column":68}},"2":{"start":{"line":8,"column":37},"end":{"line":8,"column":0}},"3":{"start":{"line":11,"column":8},"end":{"line":11,"column":56}},"4":{"start":{"line":13,"column":11},"end":{"line":15,"column":5}},"5":{"start":{"line":14,"column":8},"end":{"line":14,"column":56}},"6":{"start":{"line":16,"column":0},"end":{"line":16,"column":1}},"7":{"start":{"line":8,"column":13},"end":{"line":16,"column":1}},"8":{"start":{"line":8,"column":13},"end":{"line":8,"column":37}}},"fnMap":{"1":{"name":"(anonymous_0)","line":8,"loc":{"start":{"line":8,"column":37},"end":{"line":8,"column":0}}},"2":{"name":"CoursesOfActionComponent","line":10,"loc":{"start":{"line":10,"column":4},"end":{"line":12,"column":5}}},"3":{"name":"(anonymous_2)","line":13,"loc":{"start":{"line":13,"column":4},"end":{"line":15,"column":5}}}},"branchMap":{},"s":{"1":1,"2":1,"3":1,"4":1,"5":1,"6":1,"7":1,"8":1},"b":{},"f":{"1":1,"2":1,"3":1},"l":{"1":1,"8":1,"11":1,"13":1,"14":1,"16":1}},
"src/app/components/stix-objects/indentities/indentities.component.ts":{"path":"src/app/components/stix-objects/indentities/indentities.component.ts","statementMap":{"1":{"start":{"line":1,"column":0},"end":{"line":1,"column":68}},"2":{"start":{"line":8,"column":33},"end":{"line":8,"column":0}},"3":{"start":{"line":11,"column":8},"end":{"line":11,"column":52}},"4":{"start":{"line":13,"column":11},"end":{"line":15,"column":5}},"5":{"start":{"line":14,"column":8},"end":{"line":14,"column":52}},"6":{"start":{"line":16,"column":0},"end":{"line":16,"column":1}},"7":{"start":{"line":8,"column":13},"end":{"line":16,"column":1}},"8":{"start":{"line":8,"column":13},"end":{"line":8,"column":33}}},"fnMap":{"1":{"name":"(anonymous_0)","line":8,"loc":{"start":{"line":8,"column":33},"end":{"line":8,"column":0}}},"2":{"name":"IndentitiesComponent","line":10,"loc":{"start":{"line":10,"column":4},"end":{"line":12,"column":5}}},"3":{"name":"(anonymous_2)","line":13,"loc":{"start":{"line":13,"column":4},"end":{"line":15,"column":5}}}},"branchMap":{},"s":{"1":1,"2":1,"3":1,"4":1,"5":1,"6":1,"7":1,"8":1},"b":{},"f":{"1":1,"2":1,"3":1},"l":{"1":1,"8":1,"11":1,"13":1,"14":1,"16":1}},
"src/app/components/stix-objects/indicators/indicators.component.ts":{"path":"src/app/components/stix-objects/indicators/indicators.component.ts","statementMap":{"1":{"start":{"line":1,"column":0},"end":{"line":1,"column":68}},"2":{"start":{"line":8,"column":32},"end":{"line":8,"column":0}},"3":{"start":{"line":11,"column":8},"end":{"line":11,"column":51}},"4":{"start":{"line":13,"column":11},"end":{"line":15,"column":5}},"5":{"start":{"line":14,"column":8},"end":{"line":14,"column":51}},"6":{"start":{"line":16,"column":0},"end":{"line":16,"column":1}},"7":{"start":{"line":8,"column":13},"end":{"line":16,"column":1}},"8":{"start":{"line":8,"column":13},"end":{"line":8,"column":32}}},"fnMap":{"1":{"name":"(anonymous_0)","line":8,"loc":{"start":{"line":8,"column":32},"end":{"line":8,"column":0}}},"2":{"name":"IndicatorsComponent","line":10,"loc":{"start":{"line":10,"column":4},"end":{"line":12,"column":5}}},"3":{"name":"(anonymous_2)","line":13,"loc":{"start":{"line":13,"column":4},"end":{"line":15,"column":5}}}},"branchMap":{},"s":{"1":1,"2":1,"3":1,"4":1,"5":1,"6":1,"7":1,"8":1},"b":{},"f":{"1":1,"2":1,"3":1},"l":{"1":1,"8":1,"11":1,"13":1,"14":1,"16":1}},
"src/app/components/stix-objects/intrusion-sets/intrusion-sets.component.ts":{"path":"src/app/components/stix-objects/intrusion-sets/intrusion-sets.component.ts","statementMap":{"1":{"start":{"line":1,"column":0},"end":{"line":1,"column":68}},"2":{"start":{"line":8,"column":35},"end":{"line":8,"column":0}},"3":{"start":{"line":11,"column":8},"end":{"line":11,"column":54}},"4":{"start":{"line":13,"column":11},"end":{"line":15,"column":5}},"5":{"start":{"line":14,"column":8},"end":{"line":14,"column":54}},"6":{"start":{"line":16,"column":0},"end":{"line":16,"column":1}},"7":{"start":{"line":8,"column":13},"end":{"line":16,"column":1}},"8":{"start":{"line":8,"column":13},"end":{"line":8,"column":35}}},"fnMap":{"1":{"name":"(anonymous_0)","line":8,"loc":{"start":{"line":8,"column":35},"end":{"line":8,"column":0}}},"2":{"name":"IntrusionSetsComponent","line":10,"loc":{"start":{"line":10,"column":4},"end":{"line":12,"column":5}}},"3":{"name":"(anonymous_2)","line":13,"loc":{"start":{"line":13,"column":4},"end":{"line":15,"column":5}}}},"branchMap":{},"s":{"1":1,"2":1,"3":1,"4":1,"5":1,"6":1,"7":1,"8":1},"b":{},"f":{"1":1,"2":1,"3":1},"l":{"1":1,"8":1,"11":1,"13":1,"14":1,"16":1}},
"src/app/components/stix-objects/relationships/relationships.component.ts":{"path":"src/app/components/stix-objects/relationships/relationships.component.ts","statementMap":{"1":{"start":{"line":1,"column":0},"end":{"line":1,"column":68}},"2":{"start":{"line":8,"column":35},"end":{"line":8,"column":0}},"3":{"start":{"line":11,"column":8},"end":{"line":11,"column":54}},"4":{"start":{"line":13,"column":11},"end":{"line":15,"column":5}},"5":{"start":{"line":14,"column":8},"end":{"line":14,"column":54}},"6":{"start":{"line":16,"column":0},"end":{"line":16,"column":1}},"7":{"start":{"line":8,"column":13},"end":{"line":16,"column":1}},"8":{"start":{"line":8,"column":13},"end":{"line":8,"column":35}}},"fnMap":{"1":{"name":"(anonymous_0)","line":8,"loc":{"start":{"line":8,"column":35},"end":{"line":8,"column":0}}},"2":{"name":"RelationshipsComponent","line":10,"loc":{"start":{"line":10,"column":4},"end":{"line":12,"column":5}}},"3":{"name":"(anonymous_2)","line":13,"loc":{"start":{"line":13,"column":4},"end":{"line":15,"column":5}}}},"branchMap":{},"s":{"1":1,"2":1,"3":1,"4":1,"5":1,"6":1,"7":1,"8":1},"b":{},"f":{"1":1,"2":1,"3":1},"l":{"1":1,"8":1,"11":1,"13":1,"14":1,"16":1}},
"src/app/components/stix-objects/reports/reports.component.ts":{"path":"src/app/components/stix-objects/reports/reports.component.ts","statementMap":{"1":{"start":{"line":1,"column":0},"end":{"line":1,"column":68}},"2":{"start":{"line":8,"column":29},"end":{"line":8,"column":0}},"3":{"start":{"line":11,"column":8},"end":{"line":11,"column":48}},"4":{"start":{"line":13,"column":11},"end":{"line":15,"column":5}},"5":{"start":{"line":14,"column":8},"end":{"line":14,"column":48}},"6":{"start":{"line":16,"column":0},"end":{"line":16,"column":1}},"7":{"start":{"line":8,"column":13},"end":{"line":16,"column":1}},"8":{"start":{"line":8,"column":13},"end":{"line":8,"column":29}}},"fnMap":{"1":{"name":"(anonymous_0)","line":8,"loc":{"start":{"line":8,"column":29},"end":{"line":8,"column":0}}},"2":{"name":"ReportsComponent","line":10,"loc":{"start":{"line":10,"column":4},"end":{"line":12,"column":5}}},"3":{"name":"(anonymous_2)","line":13,"loc":{"start":{"line":13,"column":4},"end":{"line":15,"column":5}}}},"branchMap":{},"s":{"1":1,"2":1,"3":1,"4":1,"5":1,"6":1,"7":1,"8":1},"b":{},"f":{"1":1,"2":1,"3":1},"l":{"1":1,"8":1,"11":1,"13":1,"14":1,"16":1}},
"src/app/components/stix-objects/sightings/sightings.component.ts":{"path":"src/app/components/stix-objects/sightings/sightings.component.ts","statementMap":{"1":{"start":{"line":1,"column":0},"end":{"line":1,"column":68}},"2":{"start":{"line":8,"column":31},"end":{"line":8,"column":0}},"3":{"start":{"line":11,"column":8},"end":{"line":11,"column":50}},"4":{"start":{"line":13,"column":11},"end":{"line":15,"column":5}},"5":{"start":{"line":14,"column":8},"end":{"line":14,"column":50}},"6":{"start":{"line":16,"column":0},"end":{"line":16,"column":1}},"7":{"start":{"line":8,"column":13},"end":{"line":16,"column":1}},"8":{"start":{"line":8,"column":13},"end":{"line":8,"column":31}}},"fnMap":{"1":{"name":"(anonymous_0)","line":8,"loc":{"start":{"line":8,"column":31},"end":{"line":8,"column":0}}},"2":{"name":"SightingsComponent","line":10,"loc":{"start":{"line":10,"column":4},"end":{"line":12,"column":5}}},"3":{"name":"(anonymous_2)","line":13,"loc":{"start":{"line":13,"column":4},"end":{"line":15,"column":5}}}},"branchMap":{},"s":{"1":1,"2":1,"3":1,"4":1,"5":1,"6":1,"7":1,"8":1},"b":{},"f":{"1":1,"2":1,"3":1},"l":{"1":1,"8":1,"11":1,"13":1,"14":1,"16":1}},
"src/app/components/stix-objects/threat-actors/threat-actors.component.ts":{"path":"src/app/components/stix-objects/threat-actors/threat-actors.component.ts","statementMap":{"1":{"start":{"line":1,"column":0},"end":{"line":1,"column":68}},"2":{"start":{"line":8,"column":34},"end":{"line":8,"column":0}},"3":{"start":{"line":11,"column":8},"end":{"line":11,"column":53}},"4":{"start":{"line":13,"column":11},"end":{"line":15,"column":5}},"5":{"start":{"line":14,"column":8},"end":{"line":14,"column":53}},"6":{"start":{"line":16,"column":0},"end":{"line":16,"column":1}},"7":{"start":{"line":8,"column":13},"end":{"line":16,"column":1}},"8":{"start":{"line":8,"column":13},"end":{"line":8,"column":34}}},"fnMap":{"1":{"name":"(anonymous_0)","line":8,"loc":{"start":{"line":8,"column":34},"end":{"line":8,"column":0}}},"2":{"name":"ThreatActorsComponent","line":10,"loc":{"start":{"line":10,"column":4},"end":{"line":12,"column":5}}},"3":{"name":"(anonymous_2)","line":13,"loc":{"start":{"line":13,"column":4},"end":{"line":15,"column":5}}}},"branchMap":{},"s":{"1":1,"2":1,"3":1,"4":1,"5":1,"6":1,"7":1,"8":1},"b":{},"f":{"1":1,"2":1,"3":1},"l":{"1":1,"8":1,"11":1,"13":1,"14":1,"16":1}}}
